#
# A fatal error has been detected by the Java Runtime Environment:
#
#  SIGSEGV (0xb) at pc=0x000000011e764381, pid=1402, tid=1299
#
# JRE version: Java(TM) SE Runtime Environment (8.0_25-b17) (build 1.8.0_25-b17)
# Java VM: Java HotSpot(TM) 64-Bit Server VM (25.25-b02 mixed mode bsd-amd64 compressed oops)
# Problematic frame:
# C  [libglass.dylib+0x16381]  GlassScreenDidChangeScreenParameters+0x21
#
# Failed to write core dump. Core dumps have been disabled. To enable core dumping, try "ulimit -c unlimited" before starting Java again
#
# If you would like to submit a bug report, please visit:
#   http://bugreport.sun.com/bugreport/crash.jsp
#

---------------  T H R E A D  ---------------

Current thread is native thread

siginfo: si_signo: 11 (SIGSEGV), si_code: 1 (SEGV_MAPERR), si_addr: 0x0000000000000000

Registers:
RAX=0x000000011e796d48, RBX=0x0000000000000000, RCX=0x520012353f94cbe4, RDX=0x00007fff72b9c1f8
RSP=0x00007fff591b4960, RBP=0x00007fff591b4970, RSI=0x00007ff7cb50b110, RDI=0x0000000000000000
R8 =0x00007fff591b4810, R9 =0x00007fff72d50300, R10=0x0000000000000000, R11=0x0000000000000246
R12=0x00007ff7cb707da0, R13=0x00000000000f4268, R14=0x00007ff7cb56e4c0, R15=0x00007fff591b4ab0
RIP=0x000000011e764381, EFLAGS=0x0000000000010246, ERR=0x0000000000000004
  TRAPNO=0x000000000000000e

Top of Stack: (sp=0x00007fff591b4960)
0x00007fff591b4960:   00007fff591b4b40 00007ff7cb56e4c0
0x00007fff591b4970:   00007fff591b4980 00007fff8bb93cbc
0x00007fff591b4980:   00007fff591b4ce0 00007fff8ba851b4
0x00007fff591b4990:   00007ff7cb4739d0 0000000000001e00
0x00007fff591b49a0:   0000000106a62000 00007ff7cb6fc080
0x00007fff591b49b0:   0000000000001003 0000000000000270
0x00007fff591b49c0:   0000000000000004 00007ff7cb56e4c0
0x00007fff591b49d0:   0000000000000000 00007fff591b4ab0
0x00007fff591b49e0:   0000000000000000 00007ff7cb56e480
0x00007fff591b49f0:   00007fff591b4b30 000000000000001a
0x00007fff591b4a00:   00000000000f4287 00007ff7cb60ae20
0x00007fff591b4a10:   00007ff7cb476c80 00007ff7cb707da0
0x00007fff591b4a20:   0000000000000001 00000000000f4268
0x00007fff591b4a30:   00007ff7cb707d90 00007fff8442dacb
0x00007fff591b4a40:   0000000000000001 0000000000000001
0x00007fff591b4a50:   0000000000000030 0000000000000001
0x00007fff591b4a60:   00007fff591b4a80 00007fff84433231
0x00007fff591b4a70:   00007fff738addd0 0000000000000000
0x00007fff591b4a80:   00007fff591b4aa0 0000000000000000
0x00007fff591b4a90:   000032038442d53e 00007ff7cb707dc4
0x00007fff591b4aa0:   0000000000000000 00007fff8ba7ac8f
0x00007fff591b4ab0:   00007ff7cb56e4c0 00007fff738addd0
0x00007fff591b4ac0:   00007fff591b4b40 0000000000000002
0x00007fff591b4ad0:   00007fff591b4b10 00007fff8442d53e
0x00007fff591b4ae0:   0000000106a65a00 0000000000000002
0x00007fff591b4af0:   0000000106a62000 00007ff7cb614e12
0x00007fff591b4b00:   0000000000000003 0000000106a67800
0x00007fff591b4b10:   00007fff591b4c00 00007fff8442c2a2
0x00007fff591b4b20:   00007ff7cb476900 00007fff591b4ce8
0x00007fff591b4b30:   0000000000000017 0000000000000000
0x00007fff591b4b40:   00000000000f4268 00007fff8ba7af83
0x00007fff591b4b50:   00007fff00000000 00007ff7cb47db30 

Instructions: (pc=0x000000011e764381)
0x000000011e764361:   48 89 e5 41 56 53 48 8d 05 d2 2a 03 00 48 83 38
0x000000011e764371:   00 48 89 fb 75 72 48 8d 05 ca 29 03 00 48 8b 30
0x000000011e764381:   48 8b 03 48 8d 15 7c 99 01 00 48 8d 0d 5e 6f 01
0x000000011e764391:   00 48 89 df ff 90 88 03 00 00 48 8d 0d 9e 2a 03 

Register to memory mapping:

RAX=0x000000011e796d48: jScreenClass+0 in /Library/Java/JavaVirtualMachines/jdk1.8.0_25.jdk/Contents/Home/jre/lib/libglass.dylib at 0x000000011e74e000
RBX=0x0000000000000000 is an unknown value
RCX=0x520012353f94cbe4 is an unknown value
RDX=0x00007fff72b9c1f8: __sFX+0x1c8 in /usr/lib/system/libsystem_c.dylib at 0x00007fff85469000
RSP=0x00007fff591b4960 is an unknown value
RBP=0x00007fff591b4970 is an unknown value
RSI=0x00007ff7cb50b110 is a global jni handle
RDI=0x0000000000000000 is an unknown value
R8 =0x00007fff591b4810 is an unknown value
R9 =0x00007fff72d50300: _thread+0 in /usr/lib/system/libsystem_pthread.dylib at 0x00007fff86128000
R10=0x0000000000000000 is an unknown value
R11=0x0000000000000246 is an unknown value
R12=0x00007ff7cb707da0 is an unknown value
R13=0x00000000000f4268 is an unknown value
R14=0x00007ff7cb56e4c0 is an unknown value
R15=0x00007fff591b4ab0 is an unknown value


Stack: [0x00007fff589b8000,0x00007fff591b8000],  sp=0x00007fff591b4960,  free space=8178k
Native frames: (J=compiled Java code, j=interpreted, Vv=VM code, C=native code)
C  [libglass.dylib+0x16381]  GlassScreenDidChangeScreenParameters+0x21
C  [CoreFoundation+0x11ecbc]  __CFNOTIFICATIONCENTER_IS_CALLING_OUT_TO_AN_OBSERVER__+0xc
C  [CoreFoundation+0x101b4]  _CFXNotificationPost+0xc44
C  [Foundation+0x2ea1]  -[NSNotificationCenter postNotificationName:object:userInfo:]+0x42
C  [AppKit+0x362dee]  -[NSApplication _reactToScreenInvalidationImmediately:]+0x17b
C  [AppKit+0x362c2d]  __44-[NSApplication _reactToScreenInvalidation:]_block_invoke+0x4b
C  [CoreFoundation+0x8054c]  __CFRUNLOOP_IS_CALLING_OUT_TO_A_BLOCK__+0xc
C  [CoreFoundation+0x72655]  __CFRunLoopDoBlocks+0x155
C  [CoreFoundation+0x72196]  __CFRunLoopRun+0x716
C  [CoreFoundation+0x71838]  CFRunLoopRunSpecific+0x128
C  [java+0x56cc]  CreateExecutionEnvironment+0x367
C  [java+0x165c]  JLI_Launch+0x7a0
C  [java+0x768a]  main+0x65
C  [java+0xeb4]  start+0x34


---------------  P R O C E S S  ---------------

VM state:at safepoint (normal execution)

VM Mutex/Monitor currently owned by a thread:  ([mutex/lock_event])
[0x00007ff7cb41f270] Threads_lock - owner thread: 0x00007ff7cc012000
[0x00007ff7cb41f770] Heap_lock - owner thread: 0x00007ff7cb8e7800

Heap:
 PSYoungGen      total 18944K, used 11668K [0x00000007aab00000, 0x00000007ac000000, 0x00000007c0000000)
  eden space 16384K, 71% used [0x00000007aab00000,0x00000007ab6653b8,0x00000007abb00000)
  from space 2560K, 0% used [0x00000007abd80000,0x00000007abd80000,0x00000007ac000000)
  to   space 2560K, 0% used [0x00000007abb00000,0x00000007abb00000,0x00000007abd80000)
 ParOldGen       total 44032K, used 0K [0x0000000780000000, 0x0000000782b00000, 0x00000007aab00000)
  object space 44032K, 0% used [0x0000000780000000,0x0000000780000000,0x0000000782b00000)
 Metaspace       used 7609K, capacity 7864K, committed 7936K, reserved 1056768K
  class space    used 910K, capacity 963K, committed 1024K, reserved 1048576K

Card table byte_map: [0x00000001177df000,0x00000001179e0000] byte_map_base: 0x0000000113bdf000

Marking Bits: (ParMarkBitMap*) 0x0000000107c9d390
 Begin Bits: [0x0000000117f42000, 0x0000000118f42000)
 End Bits:   [0x0000000118f42000, 0x0000000119f42000)

Polling page: 0x0000000106bc1000

CodeCache: size=245760Kb used=2176Kb max_used=2187Kb free=243583Kb
 bounds [0x000000010841f000, 0x000000010868f000, 0x000000011741f000]
 total_blobs=872 nmethods=488 adapters=299
 compilation: enabled

Compilation events (10 events):
Event: 0.577 Thread 0x00007ff7cc020000 nmethod 485 0x000000010863b210 code [0x000000010863b380, 0x000000010863b7a8]
Event: 0.577 Thread 0x00007ff7cc020000  483       3       java.util.jar.JarFile::getManifestFromReference (113 bytes)
Event: 0.579 Thread 0x00007ff7cc020000 nmethod 483 0x000000010863b890 code [0x000000010863bbc0, 0x000000010863d238]
Event: 0.579 Thread 0x00007ff7cc020000  487       1       java.lang.invoke.InnerClassLambdaMetafactory::access$300 (5 bytes)
Event: 0.579 Thread 0x00007ff7cc020000 nmethod 487 0x0000000108641490 code [0x00000001086415e0, 0x00000001086416d0]
Event: 0.581 Thread 0x00007ff7cc01f800 nmethod 471% 0x0000000108641750 code [0x0000000108641900, 0x0000000108642198]
Event: 0.586 Thread 0x00007ff7cc020000  489       3       java.nio.ByteBuffer::arrayOffset (35 bytes)
Event: 0.586 Thread 0x00007ff7cc020000 nmethod 489 0x0000000108640ed0 code [0x0000000108641060, 0x0000000108641358]
Event: 0.586 Thread 0x00007ff7cc020000  488       3       java.nio.Buffer::position (43 bytes)
Event: 0.587 Thread 0x00007ff7cc020000 nmethod 488 0x0000000108640a10 code [0x0000000108640b80, 0x0000000108640e28]

GC Heap History (0 events):
No events

Deoptimization events (0 events):
No events

Internal exceptions (10 events):
Event: 0.203 Thread 0x00007ff7cb8e7800 Exception <a 'java/security/PrivilegedActionException'> (0x00000007aaead398) thrown at [/HUDSON3/workspace/8-2-build-macosx-x86_64/jdk8u25/1514/hotspot/src/share/vm/prims/jvm.cpp, line 1312]
Event: 0.203 Thread 0x00007ff7cb8e7800 Exception <a 'java/security/PrivilegedActionException'> (0x00000007aaead550) thrown at [/HUDSON3/workspace/8-2-build-macosx-x86_64/jdk8u25/1514/hotspot/src/share/vm/prims/jvm.cpp, line 1312]
Event: 0.204 Thread 0x00007ff7cb8e7800 Exception <a 'java/lang/NullPointerException'> (0x00000007aaeaee68) thrown at [/HUDSON3/workspace/8-2-build-macosx-x86_64/jdk8u25/1514/hotspot/src/share/vm/interpreter/linkResolver.cpp, line 1178]
Event: 0.552 Thread 0x00007ff7cba56000 Exception <a 'java/security/PrivilegedActionException'> (0x00000007ab592340) thrown at [/HUDSON3/workspace/8-2-build-macosx-x86_64/jdk8u25/1514/hotspot/src/share/vm/prims/jvm.cpp, line 1312]
Event: 0.553 Thread 0x00007ff7cba56000 Exception <a 'java/security/PrivilegedActionException'> (0x00000007ab595860) thrown at [/HUDSON3/workspace/8-2-build-macosx-x86_64/jdk8u25/1514/hotspot/src/share/vm/prims/jvm.cpp, line 1312]
Event: 0.559 Thread 0x00007ff7cba56000 Exception <a 'java/security/PrivilegedActionException'> (0x00000007ab5b5858) thrown at [/HUDSON3/workspace/8-2-build-macosx-x86_64/jdk8u25/1514/hotspot/src/share/vm/prims/jvm.cpp, line 1312]
Event: 0.560 Thread 0x00007ff7cba56000 Exception <a 'java/security/PrivilegedActionException'> (0x00000007ab5b9038) thrown at [/HUDSON3/workspace/8-2-build-macosx-x86_64/jdk8u25/1514/hotspot/src/share/vm/prims/jvm.cpp, line 1312]
Event: 0.563 Thread 0x00007ff7cba56000 Exception <a 'java/security/PrivilegedActionException'> (0x00000007ab5d1e28) thrown at [/HUDSON3/workspace/8-2-build-macosx-x86_64/jdk8u25/1514/hotspot/src/share/vm/prims/jvm.cpp, line 1312]
Event: 0.564 Thread 0x00007ff7cba56000 Exception <a 'java/security/PrivilegedActionException'> (0x00000007ab5d58a8) thrown at [/HUDSON3/workspace/8-2-build-macosx-x86_64/jdk8u25/1514/hotspot/src/share/vm/prims/jvm.cpp, line 1312]
Event: 0.582 Thread 0x00007ff7cd000000 Exception <a 'java/lang/reflect/InvocationTargetException'> (0x00000007aae43868) thrown at [/HUDSON3/workspace/8-2-build-macosx-x86_64/jdk8u25/1514/hotspot/src/share/vm/runtime/reflection.cpp, line 1080]

Events (10 events):
Event: 0.582 loading class java/util/IdentityHashMap$KeySet
Event: 0.582 loading class java/util/IdentityHashMap$KeySet done
Event: 0.585 Thread 0x00007ff7cd000000 Thread exited: 0x00007ff7cd000000
Event: 0.585 Thread 0x00007ff7cb8e7800 Thread added: 0x00007ff7cb8e7800
Event: 0.585 loading class java/util/IdentityHashMap$KeyIterator
Event: 0.585 loading class java/util/IdentityHashMap$IdentityHashMapIterator
Event: 0.586 loading class java/util/IdentityHashMap$IdentityHashMapIterator done
Event: 0.586 loading class java/util/IdentityHashMap$KeyIterator done
Event: 0.587 Thread 0x00007ff7cb8e7800 Thread exited: 0x00007ff7cb8e7800
Event: 0.587 Thread 0x00007ff7cc017800 Thread exited: 0x00007ff7cc017800


Dynamic libraries:
0x0000000002601000 	/System/Library/Frameworks/Cocoa.framework/Versions/A/Cocoa
0x0000000002601000 	/System/Library/Frameworks/Security.framework/Versions/A/Security
0x0000000002601000 	/System/Library/Frameworks/ApplicationServices.framework/Versions/A/ApplicationServices
0x0000000002601000 	/usr/lib/libz.1.dylib
0x0000000002601000 	/usr/lib/libSystem.B.dylib
0x0000000002601000 	/usr/lib/libobjc.A.dylib
0x0000000002601000 	/System/Library/Frameworks/CoreFoundation.framework/Versions/A/CoreFoundation
0x0000000002601000 	/System/Library/Frameworks/Foundation.framework/Versions/C/Foundation
0x0000000002601000 	/System/Library/Frameworks/AppKit.framework/Versions/C/AppKit
0x0000000002601000 	/System/Library/Frameworks/CoreData.framework/Versions/A/CoreData
0x0000000002601000 	/System/Library/PrivateFrameworks/RemoteViewServices.framework/Versions/A/RemoteViewServices
0x0000000002601000 	/System/Library/PrivateFrameworks/UIFoundation.framework/Versions/A/UIFoundation
0x0000000002601000 	/System/Library/Frameworks/IOSurface.framework/Versions/A/IOSurface
0x0000000002601000 	/System/Library/Frameworks/AudioToolbox.framework/Versions/A/AudioToolbox
0x0000000002601000 	/System/Library/Frameworks/AudioUnit.framework/Versions/A/AudioUnit
0x0000000002601000 	/System/Library/PrivateFrameworks/DataDetectorsCore.framework/Versions/A/DataDetectorsCore
0x0000000002601000 	/System/Library/PrivateFrameworks/DesktopServicesPriv.framework/Versions/A/DesktopServicesPriv
0x0000000002601000 	/System/Library/Frameworks/Carbon.framework/Versions/A/Frameworks/HIToolbox.framework/Versions/A/HIToolbox
0x0000000002601000 	/System/Library/Frameworks/QuartzCore.framework/Versions/A/QuartzCore
0x0000000002601000 	/System/Library/Frameworks/Carbon.framework/Versions/A/Frameworks/SpeechRecognition.framework/Versions/A/SpeechRecognition
0x0000000002601000 	/usr/lib/libauto.dylib
0x0000000002601000 	/usr/lib/libicucore.A.dylib
0x0000000002601000 	/usr/lib/libxml2.2.dylib
0x0000000002601000 	/System/Library/PrivateFrameworks/CoreUI.framework/Versions/A/CoreUI
0x0000000002601000 	/System/Library/Frameworks/CoreAudio.framework/Versions/A/CoreAudio
0x0000000002601000 	/System/Library/Frameworks/DiskArbitration.framework/Versions/A/DiskArbitration
0x0000000002601000 	/usr/lib/liblangid.dylib
0x0000000002601000 	/System/Library/PrivateFrameworks/MultitouchSupport.framework/Versions/A/MultitouchSupport
0x0000000002601000 	/System/Library/Frameworks/IOKit.framework/Versions/A/IOKit
0x0000000002601000 	/usr/lib/libDiagnosticMessagesClient.dylib
0x0000000002601000 	/System/Library/Frameworks/CoreServices.framework/Versions/A/CoreServices
0x0000000002601000 	/System/Library/PrivateFrameworks/PerformanceAnalysis.framework/Versions/A/PerformanceAnalysis
0x0000000002601000 	/System/Library/PrivateFrameworks/GenerationalStorage.framework/Versions/A/GenerationalStorage
0x0000000002601000 	/System/Library/Frameworks/OpenGL.framework/Versions/A/OpenGL
0x0000000002601000 	/System/Library/PrivateFrameworks/Sharing.framework/Versions/A/Sharing
0x0000000002601000 	/System/Library/Frameworks/CoreGraphics.framework/Versions/A/CoreGraphics
0x0000000002601000 	/System/Library/Frameworks/CoreText.framework/Versions/A/CoreText
0x0000000002601000 	/System/Library/Frameworks/ImageIO.framework/Versions/A/ImageIO
0x0000000002601000 	/usr/lib/libextension.dylib
0x0000000002601000 	/System/Library/PrivateFrameworks/Backup.framework/Versions/A/Backup
0x0000000002601000 	/usr/lib/libarchive.2.dylib
0x0000000002601000 	/System/Library/Frameworks/CFNetwork.framework/Versions/A/CFNetwork
0x0000000002601000 	/System/Library/Frameworks/SystemConfiguration.framework/Versions/A/SystemConfiguration
0x0000000002601000 	/usr/lib/libCRFSuite.dylib
0x0000000002601000 	/usr/lib/libc++.1.dylib
0x0000000002601000 	/usr/lib/libc++abi.dylib
0x0000000002601000 	/usr/lib/system/libcache.dylib
0x0000000002601000 	/usr/lib/system/libcommonCrypto.dylib
0x0000000002601000 	/usr/lib/system/libcompiler_rt.dylib
0x0000000002601000 	/usr/lib/system/libcopyfile.dylib
0x0000000002601000 	/usr/lib/system/libcorecrypto.dylib
0x0000000002601000 	/usr/lib/system/libdispatch.dylib
0x0000000002601000 	/usr/lib/system/libdyld.dylib
0x0000000002601000 	/usr/lib/system/libkeymgr.dylib
0x0000000002601000 	/usr/lib/system/liblaunch.dylib
0x0000000002601000 	/usr/lib/system/libmacho.dylib
0x0000000002601000 	/usr/lib/system/libquarantine.dylib
0x0000000002601000 	/usr/lib/system/libremovefile.dylib
0x0000000002601000 	/usr/lib/system/libsystem_asl.dylib
0x0000000002601000 	/usr/lib/system/libsystem_blocks.dylib
0x0000000002601000 	/usr/lib/system/libsystem_c.dylib
0x0000000002601000 	/usr/lib/system/libsystem_configuration.dylib
0x0000000002601000 	/usr/lib/system/libsystem_coreservices.dylib
0x0000000002601000 	/usr/lib/system/libsystem_coretls.dylib
0x0000000002601000 	/usr/lib/system/libsystem_dnssd.dylib
0x0000000002601000 	/usr/lib/system/libsystem_info.dylib
0x0000000002601000 	/usr/lib/system/libsystem_kernel.dylib
0x0000000002601000 	/usr/lib/system/libsystem_m.dylib
0x0000000002601000 	/usr/lib/system/libsystem_malloc.dylib
0x0000000002601000 	/usr/lib/system/libsystem_network.dylib
0x0000000002601000 	/usr/lib/system/libsystem_networkextension.dylib
0x0000000002601000 	/usr/lib/system/libsystem_notify.dylib
0x0000000002601000 	/usr/lib/system/libsystem_platform.dylib
0x0000000002601000 	/usr/lib/system/libsystem_pthread.dylib
0x0000000002601000 	/usr/lib/system/libsystem_sandbox.dylib
0x0000000002601000 	/usr/lib/system/libsystem_secinit.dylib
0x0000000002601000 	/usr/lib/system/libsystem_stats.dylib
0x0000000002601000 	/usr/lib/system/libsystem_trace.dylib
0x0000000002601000 	/usr/lib/system/libunc.dylib
0x0000000002601000 	/usr/lib/system/libunwind.dylib
0x0000000002601000 	/usr/lib/system/libxpc.dylib
0x0000000002601000 	/usr/lib/libbz2.1.0.dylib
0x0000000002601000 	/usr/lib/liblzma.5.dylib
0x0000000002601000 	/usr/lib/libbsm.0.dylib
0x0000000002601000 	/usr/lib/libsqlite3.dylib
0x0000000002601000 	/usr/lib/system/libkxld.dylib
0x0000000002601000 	/usr/lib/libxar.1.dylib
0x0000000002601000 	/usr/lib/libpam.2.dylib
0x0000000002601000 	/usr/lib/libOpenScriptingUtil.dylib
0x0000000002601000 	/System/Library/Frameworks/CoreServices.framework/Versions/A/Frameworks/FSEvents.framework/Versions/A/FSEvents
0x0000000002601000 	/System/Library/Frameworks/CoreServices.framework/Versions/A/Frameworks/CarbonCore.framework/Versions/A/CarbonCore
0x0000000002601000 	/System/Library/Frameworks/CoreServices.framework/Versions/A/Frameworks/Metadata.framework/Versions/A/Metadata
0x0000000002601000 	/System/Library/Frameworks/CoreServices.framework/Versions/A/Frameworks/OSServices.framework/Versions/A/OSServices
0x0000000002601000 	/System/Library/Frameworks/CoreServices.framework/Versions/A/Frameworks/SearchKit.framework/Versions/A/SearchKit
0x0000000002601000 	/System/Library/Frameworks/CoreServices.framework/Versions/A/Frameworks/AE.framework/Versions/A/AE
0x0000000002601000 	/System/Library/Frameworks/CoreServices.framework/Versions/A/Frameworks/LaunchServices.framework/Versions/A/LaunchServices
0x0000000002601000 	/System/Library/Frameworks/CoreServices.framework/Versions/A/Frameworks/DictionaryServices.framework/Versions/A/DictionaryServices
0x0000000002601000 	/System/Library/Frameworks/NetFS.framework/Versions/A/NetFS
0x0000000002601000 	/System/Library/PrivateFrameworks/NetAuth.framework/Versions/A/NetAuth
0x0000000002601000 	/System/Library/PrivateFrameworks/login.framework/Versions/A/Frameworks/loginsupport.framework/Versions/A/loginsupport
0x0000000002601000 	/System/Library/PrivateFrameworks/TCC.framework/Versions/A/TCC
0x0000000002601000 	/usr/lib/libmecabra.dylib
0x0000000002601000 	/System/Library/PrivateFrameworks/LanguageModeling.framework/Versions/A/LanguageModeling
0x0000000002601000 	/usr/lib/libcmph.dylib
0x0000000002601000 	/usr/lib/libiconv.2.dylib
0x0000000002601000 	/System/Library/Frameworks/OpenDirectory.framework/Versions/A/Frameworks/CFOpenDirectory.framework/Versions/A/CFOpenDirectory
0x0000000002601000 	/System/Library/Frameworks/ServiceManagement.framework/Versions/A/ServiceManagement
0x0000000002601000 	/usr/lib/libxslt.1.dylib
0x0000000002601000 	/System/Library/Frameworks/Carbon.framework/Versions/A/Frameworks/Ink.framework/Versions/A/Ink
0x0000000002601000 	/System/Library/Frameworks/ApplicationServices.framework/Versions/A/Frameworks/ATS.framework/Versions/A/ATS
0x0000000002601000 	/System/Library/Frameworks/ApplicationServices.framework/Versions/A/Frameworks/ColorSync.framework/Versions/A/ColorSync
0x0000000002601000 	/System/Library/Frameworks/ApplicationServices.framework/Versions/A/Frameworks/HIServices.framework/Versions/A/HIServices
0x0000000002601000 	/System/Library/Frameworks/ApplicationServices.framework/Versions/A/Frameworks/LangAnalysis.framework/Versions/A/LangAnalysis
0x0000000002601000 	/System/Library/Frameworks/ApplicationServices.framework/Versions/A/Frameworks/PrintCore.framework/Versions/A/PrintCore
0x0000000002601000 	/System/Library/Frameworks/ApplicationServices.framework/Versions/A/Frameworks/QD.framework/Versions/A/QD
0x0000000002601000 	/System/Library/Frameworks/ApplicationServices.framework/Versions/A/Frameworks/SpeechSynthesis.framework/Versions/A/SpeechSynthesis
0x0000000002601000 	/System/Library/Frameworks/Accelerate.framework/Versions/A/Accelerate
0x0000000002601000 	/System/Library/Frameworks/Accelerate.framework/Versions/A/Frameworks/vImage.framework/Versions/A/vImage
0x0000000002601000 	/System/Library/Frameworks/Accelerate.framework/Versions/A/Frameworks/vecLib.framework/Versions/A/vecLib
0x0000000002601000 	/System/Library/Frameworks/Accelerate.framework/Versions/A/Frameworks/vecLib.framework/Versions/A/libvDSP.dylib
0x0000000002601000 	/System/Library/Frameworks/Accelerate.framework/Versions/A/Frameworks/vecLib.framework/Versions/A/libvMisc.dylib
0x0000000002601000 	/System/Library/Frameworks/Accelerate.framework/Versions/A/Frameworks/vecLib.framework/Versions/A/libLAPACK.dylib
0x0000000002601000 	/System/Library/Frameworks/Accelerate.framework/Versions/A/Frameworks/vecLib.framework/Versions/A/libBLAS.dylib
0x0000000002601000 	/System/Library/Frameworks/Accelerate.framework/Versions/A/Frameworks/vecLib.framework/Versions/A/libLinearAlgebra.dylib
0x0000000002601000 	/System/Library/Frameworks/ApplicationServices.framework/Versions/A/Frameworks/ATS.framework/Versions/A/Resources/libFontParser.dylib
0x0000000002601000 	/System/Library/Frameworks/ApplicationServices.framework/Versions/A/Frameworks/ATS.framework/Versions/A/Resources/libFontRegistry.dylib
0x0000000002601000 	/System/Library/PrivateFrameworks/AppleVPA.framework/Versions/A/AppleVPA
0x0000000002601000 	/System/Library/PrivateFrameworks/AppleJPEG.framework/Versions/A/AppleJPEG
0x0000000002601000 	/System/Library/Frameworks/ImageIO.framework/Versions/A/Resources/libJPEG.dylib
0x0000000002601000 	/System/Library/Frameworks/ImageIO.framework/Versions/A/Resources/libTIFF.dylib
0x0000000002601000 	/System/Library/Frameworks/ImageIO.framework/Versions/A/Resources/libPng.dylib
0x0000000002601000 	/System/Library/Frameworks/ImageIO.framework/Versions/A/Resources/libGIF.dylib
0x0000000002601000 	/System/Library/Frameworks/ImageIO.framework/Versions/A/Resources/libJP2.dylib
0x0000000002601000 	/System/Library/Frameworks/ImageIO.framework/Versions/A/Resources/libRadiance.dylib
0x0000000002601000 	/System/Library/Frameworks/CoreVideo.framework/Versions/A/CoreVideo
0x0000000002601000 	/System/Library/Frameworks/OpenGL.framework/Versions/A/Libraries/libGLU.dylib
0x0000000002601000 	/System/Library/Frameworks/OpenGL.framework/Versions/A/Libraries/libGFXShared.dylib
0x0000000002601000 	/System/Library/Frameworks/OpenGL.framework/Versions/A/Libraries/libGL.dylib
0x0000000002601000 	/System/Library/Frameworks/OpenGL.framework/Versions/A/Libraries/libGLImage.dylib
0x0000000002601000 	/System/Library/Frameworks/OpenGL.framework/Versions/A/Libraries/libCVMSPluginSupport.dylib
0x0000000002601000 	/System/Library/Frameworks/OpenGL.framework/Versions/A/Libraries/libCoreVMClient.dylib
0x0000000002601000 	/usr/lib/libcups.2.dylib
0x0000000002601000 	/System/Library/Frameworks/Kerberos.framework/Versions/A/Kerberos
0x0000000002601000 	/System/Library/Frameworks/GSS.framework/Versions/A/GSS
0x0000000002601000 	/usr/lib/libresolv.9.dylib
0x0000000002601000 	/System/Library/PrivateFrameworks/Heimdal.framework/Versions/A/Heimdal
0x0000000002601000 	/usr/lib/libheimdal-asn1.dylib
0x0000000002601000 	/System/Library/Frameworks/OpenDirectory.framework/Versions/A/OpenDirectory
0x0000000002601000 	/System/Library/PrivateFrameworks/CommonAuth.framework/Versions/A/CommonAuth
0x0000000002601000 	/System/Library/Frameworks/SecurityFoundation.framework/Versions/A/SecurityFoundation
0x0000000002601000 	/System/Library/Frameworks/QuartzCore.framework/Versions/A/Frameworks/CoreImage.framework/Versions/A/CoreImage
0x0000000002601000 	/System/Library/PrivateFrameworks/CrashReporterSupport.framework/Versions/A/CrashReporterSupport
0x0000000002601000 	/System/Library/Frameworks/OpenCL.framework/Versions/A/OpenCL
0x0000000002601000 	/System/Library/PrivateFrameworks/FaceCore.framework/Versions/A/FaceCore
0x0000000002601000 	/System/Library/PrivateFrameworks/Ubiquity.framework/Versions/A/Ubiquity
0x0000000002601000 	/System/Library/PrivateFrameworks/IconServices.framework/Versions/A/IconServices
0x0000000002601000 	/System/Library/PrivateFrameworks/ChunkingLibrary.framework/Versions/A/ChunkingLibrary
0x0000000002601000 	/System/Library/PrivateFrameworks/Apple80211.framework/Versions/A/Apple80211
0x0000000002601000 	/System/Library/Frameworks/CoreWLAN.framework/Versions/A/CoreWLAN
0x0000000002601000 	/System/Library/Frameworks/IOBluetooth.framework/Versions/A/IOBluetooth
0x0000000002601000 	/System/Library/PrivateFrameworks/CoreWiFi.framework/Versions/A/CoreWiFi
0x0000000002601000 	/System/Library/Frameworks/CoreBluetooth.framework/Versions/A/CoreBluetooth
0x0000000002601000 	/System/Library/PrivateFrameworks/DebugSymbols.framework/Versions/A/DebugSymbols
0x0000000002601000 	/System/Library/PrivateFrameworks/CoreSymbolication.framework/Versions/A/CoreSymbolication
0x0000000002601000 	/System/Library/PrivateFrameworks/Symbolication.framework/Versions/A/Symbolication
0x0000000002601000 	/System/Library/PrivateFrameworks/SpeechRecognitionCore.framework/Versions/A/SpeechRecognitionCore
0x000000004c193000 	/System/Library/CoreServices/Encodings/libJapaneseConverter.dylib
0x0000000107400000 	/Library/Java/JavaVirtualMachines/jdk1.8.0_25.jdk/Contents/Home/jre/lib/server/libjvm.dylib
0x0000000002601000 	/usr/lib/libstdc++.6.dylib
0x0000000106b7f000 	/Library/Java/JavaVirtualMachines/jdk1.8.0_25.jdk/Contents/Home/jre/lib/libverify.dylib
0x0000000106b8d000 	/Library/Java/JavaVirtualMachines/jdk1.8.0_25.jdk/Contents/Home/jre/lib/libjava.dylib
0x0000000106bcb000 	/Library/Java/JavaVirtualMachines/jdk1.8.0_25.jdk/Contents/Home/jre/lib/libzip.dylib
0x000000011bf16000 	/System/Library/Frameworks/JavaVM.framework/Frameworks/JavaRuntimeSupport.framework/JavaRuntimeSupport
0x0000000106be9000 	/System/Library/Frameworks/JavaVM.framework/Versions/A/Frameworks/JavaNativeFoundation.framework/Versions/A/JavaNativeFoundation
0x000000011bf2e000 	/System/Library/Frameworks/JavaVM.framework/Versions/A/JavaVM
0x0000000002601000 	/System/Library/Frameworks/Carbon.framework/Versions/A/Carbon
0x000000011bf3b000 	/System/Library/PrivateFrameworks/JavaLaunching.framework/Versions/A/JavaLaunching
0x0000000002601000 	/System/Library/Frameworks/Carbon.framework/Versions/A/Frameworks/CommonPanels.framework/Versions/A/CommonPanels
0x0000000002601000 	/System/Library/Frameworks/Carbon.framework/Versions/A/Frameworks/Help.framework/Versions/A/Help
0x0000000002601000 	/System/Library/Frameworks/Carbon.framework/Versions/A/Frameworks/ImageCapture.framework/Versions/A/ImageCapture
0x0000000002601000 	/System/Library/Frameworks/Carbon.framework/Versions/A/Frameworks/OpenScripting.framework/Versions/A/OpenScripting
0x0000000002601000 	/System/Library/Frameworks/Carbon.framework/Versions/A/Frameworks/Print.framework/Versions/A/Print
0x0000000002601000 	/System/Library/Frameworks/Carbon.framework/Versions/A/Frameworks/SecurityHI.framework/Versions/A/SecurityHI
0x000000011deaa000 	/Applications/IntelliJ IDEA 14.app/Contents/bin/libbreakgen64.jnilib
0x000000011e03c000 	/Library/Java/JavaVirtualMachines/jdk1.8.0_25.jdk/Contents/Home/jre/lib/libnet.dylib
0x000000011e2a1000 	/Library/Java/JavaVirtualMachines/jdk1.8.0_25.jdk/Contents/Home/jre/lib/libprism_es2.dylib
0x0000000002601000 	/System/Library/Frameworks/OpenGL.framework/Versions/A/Resources/GLEngine.bundle/GLEngine
0x0000000002601000 	/System/Library/Frameworks/OpenGL.framework/Versions/A/Libraries/libGLProgrammability.dylib
0x0000000000000000 	/System/Library/Extensions/AppleIntelHD5000GraphicsGLDriver.bundle/Contents/MacOS/AppleIntelHD5000GraphicsGLDriver
0x0000000002601000 	/System/Library/PrivateFrameworks/IOAccelerator.framework/Versions/A/IOAccelerator
0x0000000002601000 	/System/Library/PrivateFrameworks/GPUSupport.framework/Versions/A/Libraries/libGPUSupportMercury.dylib
0x0000000002601000 	/System/Library/Frameworks/OpenGL.framework/Versions/A/Resources/GLRendererFloat.bundle/GLRendererFloat
0x0000000002601000 	/System/Library/Frameworks/OpenCL.framework/Versions/A/Libraries/libcldcpuengine.dylib
0x0000000002601000 	/System/Library/PrivateFrameworks/DiskImages.framework/Versions/A/DiskImages
0x0000000002601000 	/System/Library/Frameworks/DiscRecording.framework/Versions/A/DiscRecording
0x0000000002601000 	/usr/lib/libcsfde.dylib
0x0000000002601000 	/usr/lib/libcurl.4.dylib
0x0000000002601000 	/System/Library/PrivateFrameworks/MediaKit.framework/Versions/A/MediaKit
0x0000000002601000 	/System/Library/PrivateFrameworks/ProtectedCloudStorage.framework/Versions/A/ProtectedCloudStorage
0x0000000002601000 	/usr/lib/libCoreStorage.dylib
0x0000000002601000 	/System/Library/PrivateFrameworks/EFILogin.framework/Versions/A/EFILogin
0x0000000002601000 	/usr/lib/libutil.dylib
0x0000000002601000 	/System/Library/PrivateFrameworks/FindMyDevice.framework/Versions/A/FindMyDevice
0x0000000002601000 	/System/Library/Frameworks/LDAP.framework/Versions/A/LDAP
0x0000000002601000 	/usr/lib/libsasl2.2.dylib
0x0000000002601000 	/System/Library/PrivateFrameworks/CoreDaemon.framework/Versions/B/CoreDaemon
0x0000000002601000 	/usr/lib/libcrypto.0.9.8.dylib
0x0000000002601000 	/System/Library/PrivateFrameworks/AppleSRP.framework/Versions/A/AppleSRP
0x0000000002601000 	/System/Library/PrivateFrameworks/TrustEvaluationAgent.framework/Versions/A/TrustEvaluationAgent
0x000000011e74e000 	/Library/Java/JavaVirtualMachines/jdk1.8.0_25.jdk/Contents/Home/jre/lib/libglass.dylib
0x0000000002601000 	/System/Library/PrivateFrameworks/CoreServicesInternal.framework/Versions/A/CoreServicesInternal
0x0000000002601000 	/System/Library/PrivateFrameworks/CloudDocs.framework/Versions/A/CloudDocs
0x0000000002601000 	/System/Library/PrivateFrameworks/CoreDuet.framework/Versions/A/CoreDuet
0x0000000002601000 	/System/Library/Frameworks/CloudKit.framework/Versions/A/CloudKit
0x0000000002601000 	/System/Library/PrivateFrameworks/ProtocolBuffer.framework/Versions/A/ProtocolBuffer
0x0000000002601000 	/System/Library/PrivateFrameworks/CoreDuetDaemonProtocol.framework/Versions/A/CoreDuetDaemonProtocol
0x0000000002601000 	/System/Library/PrivateFrameworks/CoreDuetDebugLogging.framework/Versions/A/CoreDuetDebugLogging
0x0000000002601000 	/System/Library/Frameworks/CoreLocation.framework/Versions/A/CoreLocation
0x0000000002601000 	/System/Library/Frameworks/Accounts.framework/Versions/A/Accounts
0x0000000002601000 	/System/Library/PrivateFrameworks/ApplePushService.framework/Versions/A/ApplePushService
0x0000000002601000 	/System/Library/PrivateFrameworks/GeoServices.framework/Versions/A/GeoServices
0x0000000002601000 	/System/Library/PrivateFrameworks/OAuth.framework/Versions/A/OAuth
0x0000000002601000 	/System/Library/Frameworks/CoreGraphics.framework/Versions/A/Resources/libCGCMS.A.dylib
0x0000000002601000 	/System/Library/CoreServices/RawCamera.bundle/Contents/MacOS/RawCamera
0x0000000002601000 	/System/Library/Frameworks/CoreGraphics.framework/Versions/A/Resources/libRIP.A.dylib
0x0000000002601000 	/System/Library/PrivateFrameworks/FamilyControls.framework/Versions/A/FamilyControls
0x0000000002601000 	/System/Library/PrivateFrameworks/CommerceKit.framework/Versions/A/Frameworks/CommerceCore.framework/Versions/A/CommerceCore
0x0000000002601000 	/System/Library/PrivateFrameworks/SystemAdministration.framework/Versions/A/SystemAdministration
0x0000000002601000 	/System/Library/PrivateFrameworks/AppContainer.framework/Versions/A/AppContainer
0x0000000002601000 	/System/Library/PrivateFrameworks/SecCodeWrapper.framework/Versions/A/SecCodeWrapper
0x0000000002601000 	/System/Library/Frameworks/DirectoryService.framework/Versions/A/DirectoryService
0x0000000002601000 	/System/Library/PrivateFrameworks/LoginUIKit.framework/Versions/A/Frameworks/LoginUICore.framework/Versions/A/LoginUICore
0x0000000002601000 	/usr/lib/libodfde.dylib

VM Arguments:
jvm_args: -Didea.launcher.port=7536 -Didea.launcher.bin.path=/Applications/IntelliJ IDEA 14.app/Contents/bin -Dfile.encoding=UTF-8 
java_command: com.intellij.rt.execution.application.AppMain jp.ac.aiit.detector.Main
java_class_path (initial): /Library/Java/JavaVirtualMachines/jdk1.8.0_25.jdk/Contents/Home/lib/ant-javafx.jar:/Library/Java/JavaVirtualMachines/jdk1.8.0_25.jdk/Contents/Home/lib/dt.jar:/Library/Java/JavaVirtualMachines/jdk1.8.0_25.jdk/Contents/Home/lib/javafx-mx.jar:/Library/Java/JavaVirtualMachines/jdk1.8.0_25.jdk/Contents/Home/lib/jconsole.jar:/Library/Java/JavaVirtualMachines/jdk1.8.0_25.jdk/Contents/Home/lib/sa-jdi.jar:/Library/Java/JavaVirtualMachines/jdk1.8.0_25.jdk/Contents/Home/lib/tools.jar:/Library/Java/JavaVirtualMachines/jdk1.8.0_25.jdk/Contents/Home/jre/lib/charsets.jar:/Library/Java/JavaVirtualMachines/jdk1.8.0_25.jdk/Contents/Home/jre/lib/deploy.jar:/Library/Java/JavaVirtualMachines/jdk1.8.0_25.jdk/Contents/Home/jre/lib/javaws.jar:/Library/Java/JavaVirtualMachines/jdk1.8.0_25.jdk/Contents/Home/jre/lib/jce.jar:/Library/Java/JavaVirtualMachines/jdk1.8.0_25.jdk/Contents/Home/jre/lib/jfr.jar:/Library/Java/JavaVirtualMachines/jdk1.8.0_25.jdk/Contents/Home/jre/lib/jfxswt.jar:/Library/Java/JavaVirtualMachines/jdk1.8.0_25.jdk/Contents/Home/jre/lib/jsse.jar:/Library/Java/JavaVirtualMachines/jdk1.8.0_25.jdk/Contents/Home/jre/lib/management-agent.jar:/Library/Java/JavaVirtualMachines/jdk1.8.0_25.jdk/Contents/Home/jre/lib/plugin.jar:/Library/Java/JavaVirtualMachines/jdk1.8.0_25.jdk/Contents/Home/jre/lib/resources.jar:/Library/Java/JavaVirtualMachines/jdk1.8.0_25.jdk/Contents/Home/jre/lib/rt.jar:/Library/Java/JavaVirtualMachines/jdk1.8.0_25.jdk/Contents/Home/jre/lib/ext/cldrdata.jar:/Library/Java/JavaVirtualMachines/jdk1.8.0_25.jdk/Contents/Home/jre/lib/ext/dnsns.jar:/Library/Java/JavaVirtualMachines/jdk1.8.0_25.jdk/Contents/Home/jre/lib/ext/jfxrt.jar:/Library/Java/JavaVirtualMachines/jdk1.8.0_25.jdk/Contents/Home/jre/lib/ext/localedata.jar:/Library/Java/JavaVirtualMachines/jdk1.8.0_25.jdk/Contents/Home/jre/lib/ext/nashorn.jar:/Library/Java/JavaVirtualMachines/jdk1.8.0_25.jdk/Contents/Home/jre/lib/ext/sunec.jar:/Library/Java/JavaVirtualMachines/jdk1.8.0_25.jdk/C
Launcher Type: SUN_STANDARD

Environment Variables:
PATH=/usr/local/bin:/usr/bin:/bin:/usr/sbin:/sbin:/usr/local/git/bin:/Applications/MAMP/bin/php/php5.5.14/bin:/Applications/MAMP/Library/bin
SHELL=/bin/bash

Signal Handlers:
SIGSEGV: [libjvm.dylib+0x579dc7], sa_mask[0]=11111111011111110111111111111111, sa_flags=SA_ONSTACK|SA_RESTART|SA_SIGINFO
SIGBUS: [libjvm.dylib+0x579dc7], sa_mask[0]=11111111011111110111111111111111, sa_flags=SA_RESTART|SA_SIGINFO
SIGFPE: [libjvm.dylib+0x45b030], sa_mask[0]=11111111011111110111111111111111, sa_flags=SA_RESTART|SA_SIGINFO
SIGPIPE: [libjvm.dylib+0x45b030], sa_mask[0]=11111111011111110111111111111111, sa_flags=SA_RESTART|SA_SIGINFO
SIGXFSZ: [libjvm.dylib+0x45b030], sa_mask[0]=11111111011111110111111111111111, sa_flags=SA_RESTART|SA_SIGINFO
SIGILL: [libjvm.dylib+0x45b030], sa_mask[0]=11111111011111110111111111111111, sa_flags=SA_RESTART|SA_SIGINFO
SIGUSR1: SIG_DFL, sa_mask[0]=00000000000000000000000000000000, sa_flags=none
SIGUSR2: [libjvm.dylib+0x45ab4e], sa_mask[0]=00100000000000000000000000000000, sa_flags=SA_RESTART|SA_SIGINFO
SIGHUP: [libjvm.dylib+0x459121], sa_mask[0]=11111111011111110111111111111111, sa_flags=SA_RESTART|SA_SIGINFO
SIGINT: [libjvm.dylib+0x459121], sa_mask[0]=11111111011111110111111111111111, sa_flags=SA_RESTART|SA_SIGINFO
SIGTERM: [libjvm.dylib+0x459121], sa_mask[0]=11111111011111110111111111111111, sa_flags=SA_RESTART|SA_SIGINFO
SIGQUIT: [libjvm.dylib+0x459121], sa_mask[0]=11111111011111110111111111111111, sa_flags=SA_RESTART|SA_SIGINFO


---------------  S Y S T E M  ---------------

OS:Bsduname:Darwin 14.0.0 Darwin Kernel Version 14.0.0: Fri Sep 19 00:26:44 PDT 2014; root:xnu-2782.1.97~2/RELEASE_X86_64 x86_64
rlimit: STACK 8192k, CORE 0k, NPROC 709, NOFILE 10240, AS infinity
load average:2.16 1.96 1.97

CPU:total 4 (2 cores per cpu, 2 threads per core) family 6 model 69 stepping 1, cmov, cx8, fxsr, mmx, sse, sse2, sse3, ssse3, sse4.1, sse4.2, popcnt, avx, avx2, aes, clmul, erms, lzcnt, ht, tsc, tscinvbit, bmi1, bmi2

Memory: 4k page, physical 4194304k(152072k free)

/proc/meminfo:


vm_info: Java HotSpot(TM) 64-Bit Server VM (25.25-b02) for bsd-amd64 JRE (1.8.0_25-b17), built on Sep 17 2014 16:56:50 by "java_re" with gcc 4.2.1 (Based on Apple Inc. build 5658) (LLVM build 2336.11.00)

time: Thu Jan  8 20:46:14 2015
elapsed time: 0 seconds (0d 0h 0m 0s)

